2022-09-18 12:29:07 [INFO] - {
  "ret_code": 0,
  "ret_msg": "OK",
  "ext_code": "",
  "ext_info": "",
  "result": [
    {
      "id": 124122164,
      "symbol": "BTCUSDT",
      "period": "5",
      "interval": "5",
      "start_at": 1663471500,
      "open_time": 1663471500,
      "volume": 63.581,
      "open": 20006.5,
      "high": 20019.5,
      "low": 20006,
      "close": 20019,
      "turnover": 1272237.0355
    }
  ],
  "time_now": "1663471747.651394"
}
2022-09-18 12:29:07 [INFO] - 0 : 18 Sep 2022 12:29:06 GMT,	#20006.5,	#20019.0,	#↑↑,	#63.58,	#0.00,, 	# 18 Sep 2022 12:24:59 GMT , 18 Sep 2022 12:24:59 GMT
2022-09-18 12:40:42 [INFO] - {
  "ret_code": 0,
  "ret_msg": "OK",
  "ext_code": "",
  "ext_info": "",
  "result": [
    {
      "id": 124126787,
      "symbol": "BTCUSDT",
      "period": "5",
      "interval": "5",
      "start_at": 1663472400,
      "open_time": 1663472400,
      "volume": 9.485,
      "open": 19996.5,
      "high": 19996.5,
      "low": 19996,
      "close": 19996,
      "turnover": 189662.068
    }
  ],
  "time_now": "1663472442.354791"
}
2022-09-18 12:40:42 [INFO] - 0 : 18 Sep 2022 12:40:41 GMT,	#19996.5,	#19996.0,	#↓↓,	#9.49,	#0.00,, 	# 18 Sep 2022 12:39:59 GMT , 18 Sep 2022 12:39:59 GMT
